0 info it worked if it ends with ok
1 verbose cli [ '/usr/local/bin/node',
1 verbose cli   '/usr/local/bin/npm',
1 verbose cli   'install',
1 verbose cli   'npm-install.sh' ]
2 info using npm@1.3.21
3 info using node@v0.10.24
4 verbose cache add [ 'npm-install.sh', null ]
5 verbose cache add name=undefined spec="npm-install.sh" args=["npm-install.sh",null]
6 verbose parsed url { protocol: null,
6 verbose parsed url   slashes: null,
6 verbose parsed url   auth: null,
6 verbose parsed url   host: null,
6 verbose parsed url   port: null,
6 verbose parsed url   hostname: null,
6 verbose parsed url   hash: null,
6 verbose parsed url   search: null,
6 verbose parsed url   query: null,
6 verbose parsed url   pathname: 'npm-install.sh',
6 verbose parsed url   path: 'npm-install.sh',
6 verbose parsed url   href: 'npm-install.sh' }
7 silly lockFile 53042da1-npm-install-sh npm-install.sh
8 verbose lock npm-install.sh /home/zhou/.npm/53042da1-npm-install-sh.lock
9 verbose chmod /home/zhou/tmp/npm-3262-bqDMsqJO/1388729021015-0.2646239781752229/tmp.tgz 644
10 verbose tar unpack /home/zhou/tmp/npm-3262-bqDMsqJO/1388729021015-0.2646239781752229/tmp.tgz
11 silly lockFile 642457bb-21015-0-2646239781752229-package tar:///home/zhou/tmp/npm-3262-bqDMsqJO/1388729021015-0.2646239781752229/package
12 verbose lock tar:///home/zhou/tmp/npm-3262-bqDMsqJO/1388729021015-0.2646239781752229/package /home/zhou/.npm/642457bb-21015-0-2646239781752229-package.lock
13 silly lockFile eb083e2d-21015-0-2646239781752229-tmp-tgz tar:///home/zhou/tmp/npm-3262-bqDMsqJO/1388729021015-0.2646239781752229/tmp.tgz
14 verbose lock tar:///home/zhou/tmp/npm-3262-bqDMsqJO/1388729021015-0.2646239781752229/tmp.tgz /home/zhou/.npm/eb083e2d-21015-0-2646239781752229-tmp-tgz.lock
15 silly gunzTarPerm modes [ '755', '644' ]
16 error not a package /home/zhou/tmp/npm-3262-bqDMsqJO/1388729021015-0.2646239781752229/tmp.tgz
17 silly lockFile 642457bb-21015-0-2646239781752229-package tar:///home/zhou/tmp/npm-3262-bqDMsqJO/1388729021015-0.2646239781752229/package
18 silly lockFile 642457bb-21015-0-2646239781752229-package tar:///home/zhou/tmp/npm-3262-bqDMsqJO/1388729021015-0.2646239781752229/package
19 silly lockFile eb083e2d-21015-0-2646239781752229-tmp-tgz tar:///home/zhou/tmp/npm-3262-bqDMsqJO/1388729021015-0.2646239781752229/tmp.tgz
20 silly lockFile eb083e2d-21015-0-2646239781752229-tmp-tgz tar:///home/zhou/tmp/npm-3262-bqDMsqJO/1388729021015-0.2646239781752229/tmp.tgz
21 silly lockFile 53042da1-npm-install-sh npm-install.sh
22 silly lockFile 53042da1-npm-install-sh npm-install.sh
23 verbose addNamed [ 'npm-install.sh', '' ]
24 verbose addNamed [ null, '*' ]
25 silly lockFile 2940d230-npm-install-sh npm-install.sh@
26 verbose lock npm-install.sh@ /home/zhou/.npm/2940d230-npm-install-sh.lock
27 silly addNameRange { name: 'npm-install.sh', range: '*', hasData: false }
28 verbose url raw npm-install.sh
29 verbose url resolving [ 'https://registry.npmjs.org/', './npm-install.sh' ]
30 verbose url resolved https://registry.npmjs.org/npm-install.sh
31 info trying registry request attempt 1 at 14:03:41
32 http GET https://registry.npmjs.org/npm-install.sh
33 http 404 https://registry.npmjs.org/npm-install.sh
34 silly registry.get cb [ 404,
34 silly registry.get   { date: 'Fri, 03 Jan 2014 06:03:42 GMT',
34 silly registry.get     server: 'CouchDB/1.5.0 (Erlang OTP/R15B03)',
34 silly registry.get     'content-type': 'application/json',
34 silly registry.get     'cache-control': 'max-age=0',
34 silly registry.get     'content-length': '52',
34 silly registry.get     'accept-ranges': 'bytes',
34 silly registry.get     via: '1.1 varnish',
34 silly registry.get     age: '0',
34 silly registry.get     'x-served-by': 'cache-ty66-TYO',
34 silly registry.get     'x-cache': 'MISS',
34 silly registry.get     'x-cache-hits': '0',
34 silly registry.get     'x-timer': 'S1388729022.441280603,VS0,VE152',
34 silly registry.get     'keep-alive': 'timeout=10, max=50',
34 silly registry.get     connection: 'Keep-Alive' } ]
35 silly lockFile 2940d230-npm-install-sh npm-install.sh@
36 silly lockFile 2940d230-npm-install-sh npm-install.sh@
37 error 404 'npm-install.sh' is not in the npm registry.
37 error 404 You should bug the author to publish it
37 error 404
37 error 404 Note that you can also install from a
37 error 404 tarball, folder, or http url, or git url.
38 error System Linux 2.6.32-431.1.2.0.1.el6.x86_64
39 error command "/usr/local/bin/node" "/usr/local/bin/npm" "install" "npm-install.sh"
40 error cwd /home/zhou/code/chatTest
41 error node -v v0.10.24
42 error npm -v 1.3.21
43 error code E404
44 verbose exit [ 1, true ]
